Build started 20/08/2014 00:04:10.
     1>Project "D:\Dennis\learning\Cuda\udacity\Homework\MyHomeWorks\ProblemSet_01-GreyScaleImage\ProblemSet_01-GreyScaleImage\ProblemSet_01-GreyScaleImage.vcxproj" on node 2 (build target(s)).
     1>InitializeBuildStatus:
         Creating "x64\Debug\ProblemSet_01-GreyScaleImage.unsuccessfulbuild" because "AlwaysCreate" was specified.
       ClCompile:
         C:\Program Files (x86)\Microsoft Visual Studio 10.0\VC\bin\x86_amd64\CL.exe /c /ID:\libs\cpp\openCV\opencv\build\include /ID:\libs\cpp\openCV\opencv\build\include /I"C:\Program Files\NVIDIA GPU Computing Toolkit\CUDA\v6.0\include" /Zi /nologo /W3 /WX- /Od /D WIN32 /D WIN64 /D _DEBUG /D _CONSOLE /D _MBCS /Gm /EHsc /RTC1 /MDd /GS /fp:precise /Zc:wchar_t /Zc:forScope /Fo"x64\Debug\\" /Fd"x64\Debug\vc100.pdb" /Gd /TP /errorReport:prompt main.cpp
         main.cpp
     1>main.cpp(58): warning C4244: '=' : conversion from 'double' to 'unsigned char', possible loss of data
       ManifestResourceCompile:
         All outputs are up-to-date.
       Link:
         C:\Program Files (x86)\Microsoft Visual Studio 10.0\VC\bin\x86_amd64\link.exe /ERRORREPORT:PROMPT /OUT:"D:\Dennis\learning\Cuda\udacity\Homework\MyHomeWorks\ProblemSet_01-GreyScaleImage\x64\Debug\ProblemSet_01-GreyScaleImage.exe" /INCREMENTAL /NOLOGO /LIBPATH:D:\libs\cpp\openCV\opencv\build\x64\vc10\lib /LIBPATH:"C:\Program Files\NVIDIA GPU Computing Toolkit\CUDA\v6.0\lib\x64" cudart.lib kernel32.lib user32.lib gdi32.lib winspool.lib comdlg32.lib advapi32.lib shell32.lib ole32.lib oleaut32.lib uuid.lib odbc32.lib odbccp32.lib opencv_calib3d249d.lib opencv_contrib249d.lib opencv_core249d.lib opencv_features2d249d.lib opencv_flann249d.lib opencv_gpu249d.lib opencv_highgui249d.lib opencv_imgproc249d.lib opencv_legacy249d.lib opencv_ml249d.lib opencv_nonfree249d.lib opencv_objdetect249d.lib opencv_ocl249d.lib opencv_photo249d.lib opencv_stitching249d.lib opencv_superres249d.lib opencv_ts249d.lib opencv_video249d.lib opencv_videostab249d.lib kernel32.lib user32.lib gdi32.lib winspool.lib comdlg32.lib advapi32.lib shell32.lib ole32.lib oleaut32.lib uuid.lib odbc32.lib odbccp32.lib /MANIFEST /ManifestFile:"x64\Debug\ProblemSet_01-GreyScaleImage.exe.intermediate.manifest" /MANIFESTUAC:"level='asInvoker' uiAccess='false'" /DEBUG /PDB:"D:\Dennis\learning\Cuda\udacity\Homework\MyHomeWorks\ProblemSet_01-GreyScaleImage\x64\Debug\ProblemSet_01-GreyScaleImage.pdb" /SUBSYSTEM:CONSOLE /TLBID:1 /DYNAMICBASE /NXCOMPAT /IMPLIB:"D:\Dennis\learning\Cuda\udacity\Homework\MyHomeWorks\ProblemSet_01-GreyScaleImage\x64\Debug\ProblemSet_01-GreyScaleImage.lib" /MACHINE:X64 "x64\Debug\ProblemSet_01-GreyScaleImage.exe.embed.manifest.res"
         x64\Debug\main.obj
         ProblemSet_01-GreyScaleImage.vcxproj -> D:\Dennis\learning\Cuda\udacity\Homework\MyHomeWorks\ProblemSet_01-GreyScaleImage\x64\Debug\ProblemSet_01-GreyScaleImage.exe
       Manifest:
         C:\Program Files (x86)\Microsoft SDKs\Windows\v7.0A\bin\mt.exe /nologo /verbose /out:"x64\Debug\ProblemSet_01-GreyScaleImage.exe.embed.manifest" /manifest "x64\Debug\ProblemSet_01-GreyScaleImage.exe.intermediate.manifest"
         All outputs are up-to-date.
       LinkEmbedManifest:
         All outputs are up-to-date.
         ProblemSet_01-GreyScaleImage.vcxproj -> D:\Dennis\learning\Cuda\udacity\Homework\MyHomeWorks\ProblemSet_01-GreyScaleImage\x64\Debug\ProblemSet_01-GreyScaleImage.exe
       PostBuildEvent:
         echo copy "C:\Program Files\NVIDIA GPU Computing Toolkit\CUDA\v6.0\bin\cudart*.dll" "D:\Dennis\learning\Cuda\udacity\Homework\MyHomeWorks\ProblemSet_01-GreyScaleImage\x64\Debug\"
         copy "C:\Program Files\NVIDIA GPU Computing Toolkit\CUDA\v6.0\bin\cudart*.dll" "D:\Dennis\learning\Cuda\udacity\Homework\MyHomeWorks\ProblemSet_01-GreyScaleImage\x64\Debug\"
         :VCEnd
         copy "C:\Program Files\NVIDIA GPU Computing Toolkit\CUDA\v6.0\bin\cudart*.dll" "D:\Dennis\learning\Cuda\udacity\Homework\MyHomeWorks\ProblemSet_01-GreyScaleImage\x64\Debug\"
         C:\Program Files\NVIDIA GPU Computing Toolkit\CUDA\v6.0\bin\cudart32_60.dll
         C:\Program Files\NVIDIA GPU Computing Toolkit\CUDA\v6.0\bin\cudart64_60.dll
                 2 file(s) copied.
       FinalizeBuildStatus:
         Deleting file "x64\Debug\ProblemSet_01-GreyScaleImage.unsuccessfulbuild".
         Touching "x64\Debug\ProblemSet_01-GreyScaleImage.lastbuildstate".
     1>Done Building Project "D:\Dennis\learning\Cuda\udacity\Homework\MyHomeWorks\ProblemSet_01-GreyScaleImage\ProblemSet_01-GreyScaleImage\ProblemSet_01-GreyScaleImage.vcxproj" (build target(s)).

Build succeeded.

Time Elapsed 00:00:01.89
